Analysis & Synthesis report for part2
Thu May  4 03:31:59 2023
Quartus Prime Version 22.1std.0 Build 915 10/25/2022 SC Lite Edition


---------------------
; Table of Contents ;
---------------------
  1. Legal Notice
  2. Analysis & Synthesis Summary
  3. Analysis & Synthesis Settings
  4. Parallel Compilation
  5. Analysis & Synthesis Source Files Read
  6. Analysis & Synthesis Resource Usage Summary
  7. Analysis & Synthesis Resource Utilization by Entity
  8. Analysis & Synthesis RAM Summary
  9. State Machine - |part2|proc:U1|Tstep_Q
 10. Registers Removed During Synthesis
 11. Removed Registers Triggering Further Register Optimizations
 12. General Register Statistics
 13. Multiplexer Restructuring Statistics (Restructuring Performed)
 14. Source assignments for inst_mem:U2|altsyncram:altsyncram_component|altsyncram_obb1:auto_generated
 15. Parameter Settings for User Entity Instance: proc:U1
 16. Parameter Settings for User Entity Instance: proc:U1|regn:reg_0
 17. Parameter Settings for User Entity Instance: proc:U1|regn:reg_1
 18. Parameter Settings for User Entity Instance: proc:U1|regn:reg_2
 19. Parameter Settings for User Entity Instance: proc:U1|regn:reg_3
 20. Parameter Settings for User Entity Instance: proc:U1|regn:reg_4
 21. Parameter Settings for User Entity Instance: proc:U1|regn:reg_5
 22. Parameter Settings for User Entity Instance: proc:U1|regn:reg_6
 23. Parameter Settings for User Entity Instance: proc:U1|regn:reg_7
 24. Parameter Settings for User Entity Instance: proc:U1|regn:reg_A
 25. Parameter Settings for User Entity Instance: proc:U1|regn:reg_IR
 26. Parameter Settings for User Entity Instance: proc:U1|regn:reg_G
 27. Parameter Settings for User Entity Instance: inst_mem:U2|altsyncram:altsyncram_component
 28. altsyncram Parameter Settings by Entity Instance
 29. Port Connectivity Checks: "switchReg:comb_7"
 30. Post-Synthesis Netlist Statistics for Top Partition
 31. Elapsed Time Per Partition
 32. Analysis & Synthesis Messages



----------------
; Legal Notice ;
----------------
Copyright (C) 2022  Intel Corporation. All rights reserved.
Your use of Intel Corporation's design tools, logic functions 
and other software and tools, and any partner logic 
functions, and any output files from any of the foregoing 
(including device programming or simulation files), and any 
associated documentation or information are expressly subject 
to the terms and conditions of the Intel Program License 
Subscription Agreement, the Intel Quartus Prime License Agreement,
the Intel FPGA IP License Agreement, or other applicable license
agreement, including, without limitation, that your use is for
the sole purpose of programming logic devices manufactured by
Intel and sold by Intel or its authorized distributors.  Please
refer to the applicable agreement for further details, at
https://fpgasoftware.intel.com/eula.



+-------------------------------------------------------------------------------------+
; Analysis & Synthesis Summary                                                        ;
+------------------------------------+------------------------------------------------+
; Analysis & Synthesis Status        ; Successful - Thu May  4 03:31:59 2023          ;
; Quartus Prime Version              ; 22.1std.0 Build 915 10/25/2022 SC Lite Edition ;
; Revision Name                      ; part2                                          ;
; Top-level Entity Name              ; part2                                          ;
; Family                             ; MAX 10                                         ;
; Total logic elements               ; 160                                            ;
;     Total combinational functions  ; 112                                            ;
;     Dedicated logic registers      ; 82                                             ;
; Total registers                    ; 82                                             ;
; Total pins                         ; 22                                             ;
; Total virtual pins                 ; 0                                              ;
; Total memory bits                  ; 416                                            ;
; Embedded Multiplier 9-bit elements ; 0                                              ;
; Total PLLs                         ; 0                                              ;
; UFM blocks                         ; 0                                              ;
; ADC blocks                         ; 0                                              ;
+------------------------------------+------------------------------------------------+


+------------------------------------------------------------------------------------------------------------+
; Analysis & Synthesis Settings                                                                              ;
+------------------------------------------------------------------+--------------------+--------------------+
; Option                                                           ; Setting            ; Default Value      ;
+------------------------------------------------------------------+--------------------+--------------------+
; Device                                                           ; 10M50DAF484C7G     ;                    ;
; Top-level entity name                                            ; part2              ; part2              ;
; Family name                                                      ; MAX 10             ; Cyclone V          ;
; Use smart compilation                                            ; Off                ; Off                ;
; Enable parallel Assembler and Timing Analyzer during compilation ; On                 ; On                 ;
; Enable compact report table                                      ; Off                ; Off                ;
; Restructure Multiplexers                                         ; Auto               ; Auto               ;
; Create Debugging Nodes for IP Cores                              ; Off                ; Off                ;
; Preserve fewer node names                                        ; On                 ; On                 ;
; Intel FPGA IP Evaluation Mode                                    ; Enable             ; Enable             ;
; Verilog Version                                                  ; Verilog_2001       ; Verilog_2001       ;
; VHDL Version                                                     ; VHDL_1993          ; VHDL_1993          ;
; State Machine Processing                                         ; Auto               ; Auto               ;
; Safe State Machine                                               ; Off                ; Off                ;
; Extract Verilog State Machines                                   ; On                 ; On                 ;
; Extract VHDL State Machines                                      ; On                 ; On                 ;
; Ignore Verilog initial constructs                                ; Off                ; Off                ;
; Iteration limit for constant Verilog loops                       ; 5000               ; 5000               ;
; Iteration limit for non-constant Verilog loops                   ; 250                ; 250                ;
; Add Pass-Through Logic to Inferred RAMs                          ; On                 ; On                 ;
; Infer RAMs from Raw Logic                                        ; On                 ; On                 ;
; Parallel Synthesis                                               ; On                 ; On                 ;
; DSP Block Balancing                                              ; Auto               ; Auto               ;
; NOT Gate Push-Back                                               ; On                 ; On                 ;
; Power-Up Don't Care                                              ; On                 ; On                 ;
; Remove Redundant Logic Cells                                     ; Off                ; Off                ;
; Remove Duplicate Registers                                       ; On                 ; On                 ;
; Ignore CARRY Buffers                                             ; Off                ; Off                ;
; Ignore CASCADE Buffers                                           ; Off                ; Off                ;
; Ignore GLOBAL Buffers                                            ; Off                ; Off                ;
; Ignore ROW GLOBAL Buffers                                        ; Off                ; Off                ;
; Ignore LCELL Buffers                                             ; Off                ; Off                ;
; Ignore SOFT Buffers                                              ; On                 ; On                 ;
; Limit AHDL Integers to 32 Bits                                   ; Off                ; Off                ;
; Optimization Technique                                           ; Balanced           ; Balanced           ;
; Carry Chain Length                                               ; 70                 ; 70                 ;
; Auto Carry Chains                                                ; On                 ; On                 ;
; Auto Open-Drain Pins                                             ; On                 ; On                 ;
; Perform WYSIWYG Primitive Resynthesis                            ; Off                ; Off                ;
; Auto ROM Replacement                                             ; On                 ; On                 ;
; Auto RAM Replacement                                             ; On                 ; On                 ;
; Auto DSP Block Replacement                                       ; On                 ; On                 ;
; Auto Shift Register Replacement                                  ; Auto               ; Auto               ;
; Allow Shift Register Merging across Hierarchies                  ; Auto               ; Auto               ;
; Auto Clock Enable Replacement                                    ; On                 ; On                 ;
; Strict RAM Replacement                                           ; Off                ; Off                ;
; Allow Synchronous Control Signals                                ; On                 ; On                 ;
; Force Use of Synchronous Clear Signals                           ; Off                ; Off                ;
; Auto RAM Block Balancing                                         ; On                 ; On                 ;
; Auto RAM to Logic Cell Conversion                                ; Off                ; Off                ;
; Auto Resource Sharing                                            ; Off                ; Off                ;
; Allow Any RAM Size For Recognition                               ; Off                ; Off                ;
; Allow Any ROM Size For Recognition                               ; Off                ; Off                ;
; Allow Any Shift Register Size For Recognition                    ; Off                ; Off                ;
; Use LogicLock Constraints during Resource Balancing              ; On                 ; On                 ;
; Ignore translate_off and synthesis_off directives                ; Off                ; Off                ;
; Timing-Driven Synthesis                                          ; On                 ; On                 ;
; Report Parameter Settings                                        ; On                 ; On                 ;
; Report Source Assignments                                        ; On                 ; On                 ;
; Report Connectivity Checks                                       ; On                 ; On                 ;
; Ignore Maximum Fan-Out Assignments                               ; Off                ; Off                ;
; Synchronization Register Chain Length                            ; 2                  ; 2                  ;
; Power Optimization During Synthesis                              ; Normal compilation ; Normal compilation ;
; HDL message level                                                ; Level2             ; Level2             ;
; Suppress Register Optimization Related Messages                  ; Off                ; Off                ;
; Number of Removed Registers Reported in Synthesis Report         ; 5000               ; 5000               ;
; Number of Swept Nodes Reported in Synthesis Report               ; 5000               ; 5000               ;
; Number of Inverted Registers Reported in Synthesis Report        ; 100                ; 100                ;
; Clock MUX Protection                                             ; On                 ; On                 ;
; Auto Gated Clock Conversion                                      ; Off                ; Off                ;
; Block Design Naming                                              ; Auto               ; Auto               ;
; SDC constraint protection                                        ; Off                ; Off                ;
; Synthesis Effort                                                 ; Auto               ; Auto               ;
; Shift Register Replacement - Allow Asynchronous Clear Signal     ; On                 ; On                 ;
; Pre-Mapping Resynthesis Optimization                             ; Off                ; Off                ;
; Analysis & Synthesis Message Level                               ; Medium             ; Medium             ;
; Disable Register Merging Across Hierarchies                      ; Auto               ; Auto               ;
; Resource Aware Inference For Block RAM                           ; On                 ; On                 ;
+------------------------------------------------------------------+--------------------+--------------------+


+------------------------------------------+
; Parallel Compilation                     ;
+----------------------------+-------------+
; Processors                 ; Number      ;
+----------------------------+-------------+
; Number detected on machine ; 2           ;
; Maximum allowed            ; 2           ;
;                            ;             ;
; Average used               ; 1.00        ;
; Maximum used               ; 2           ;
;                            ;             ;
; Usage by Processor         ; % Time Used ;
;     Processor 1            ; 100.0%      ;
;     Processor 2            ;   0.0%      ;
+----------------------------+-------------+


+-----------------------------------------------------------------------------------------------------------------------------------------------------------------------------------------+
; Analysis & Synthesis Source Files Read                                                                                                                                                  ;
+----------------------------------+-----------------+----------------------------------------+---------------------------------------------------------------------------------+---------+
; File Name with User-Entered Path ; Used in Netlist ; File Type                              ; File Name with Absolute Path                                                    ; Library ;
+----------------------------------+-----------------+----------------------------------------+---------------------------------------------------------------------------------+---------+
; part2.v                          ; yes             ; User Verilog HDL File                  ; C:/Users/user/Desktop/maryam/part2/part2.v                                      ;         ;
; proc.v                           ; yes             ; Auto-Found Verilog HDL File            ; C:/Users/user/Desktop/maryam/part2/proc.v                                       ;         ;
; inst_mem.v                       ; yes             ; Auto-Found Wizard-Generated File       ; C:/Users/user/Desktop/maryam/part2/inst_mem.v                                   ;         ;
; altsyncram.tdf                   ; yes             ; Megafunction                           ; c:/intelfpga_lite/22.1std/quartus/libraries/megafunctions/altsyncram.tdf        ;         ;
; stratix_ram_block.inc            ; yes             ; Megafunction                           ; c:/intelfpga_lite/22.1std/quartus/libraries/megafunctions/stratix_ram_block.inc ;         ;
; lpm_mux.inc                      ; yes             ; Megafunction                           ; c:/intelfpga_lite/22.1std/quartus/libraries/megafunctions/lpm_mux.inc           ;         ;
; lpm_decode.inc                   ; yes             ; Megafunction                           ; c:/intelfpga_lite/22.1std/quartus/libraries/megafunctions/lpm_decode.inc        ;         ;
; aglobal221.inc                   ; yes             ; Megafunction                           ; c:/intelfpga_lite/22.1std/quartus/libraries/megafunctions/aglobal221.inc        ;         ;
; a_rdenreg.inc                    ; yes             ; Megafunction                           ; c:/intelfpga_lite/22.1std/quartus/libraries/megafunctions/a_rdenreg.inc         ;         ;
; altrom.inc                       ; yes             ; Megafunction                           ; c:/intelfpga_lite/22.1std/quartus/libraries/megafunctions/altrom.inc            ;         ;
; altram.inc                       ; yes             ; Megafunction                           ; c:/intelfpga_lite/22.1std/quartus/libraries/megafunctions/altram.inc            ;         ;
; altdpram.inc                     ; yes             ; Megafunction                           ; c:/intelfpga_lite/22.1std/quartus/libraries/megafunctions/altdpram.inc          ;         ;
; db/altsyncram_obb1.tdf           ; yes             ; Auto-Generated Megafunction            ; C:/Users/user/Desktop/maryam/part2/db/altsyncram_obb1.tdf                       ;         ;
; inst_mem.mif                     ; yes             ; Auto-Found Memory Initialization File  ; C:/Users/user/Desktop/maryam/part2/inst_mem.mif                                 ;         ;
+----------------------------------+-----------------+----------------------------------------+---------------------------------------------------------------------------------+---------+


+------------------------------------------------------------+
; Analysis & Synthesis Resource Usage Summary                ;
+---------------------------------------------+--------------+
; Resource                                    ; Usage        ;
+---------------------------------------------+--------------+
; Estimated Total logic elements              ; 160          ;
;                                             ;              ;
; Total combinational functions               ; 112          ;
; Logic element usage by number of LUT inputs ;              ;
;     -- 4 input functions                    ; 69           ;
;     -- 3 input functions                    ; 20           ;
;     -- <=2 input functions                  ; 23           ;
;                                             ;              ;
; Logic elements by mode                      ;              ;
;     -- normal mode                          ; 103          ;
;     -- arithmetic mode                      ; 9            ;
;                                             ;              ;
; Total registers                             ; 82           ;
;     -- Dedicated logic registers            ; 82           ;
;     -- I/O registers                        ; 0            ;
;                                             ;              ;
; I/O pins                                    ; 22           ;
; Total memory bits                           ; 416          ;
;                                             ;              ;
; Embedded Multiplier 9-bit elements          ; 0            ;
;                                             ;              ;
; Maximum fan-out node                        ; KEY[1]~input ;
; Maximum fan-out                             ; 77           ;
; Total fan-out                               ; 736          ;
; Average fan-out                             ; 2.93         ;
+---------------------------------------------+--------------+


+---------------------------------------------------------------------------------------------------------------------------------------------------------------------------------------------------------------------------------------------------------------------------------------------------------------------+
; Analysis & Synthesis Resource Utilization by Entity                                                                                                                                                                                                                                                                 ;
+-------------------------------------------+---------------------+---------------------------+-------------+------------+--------------+---------+-----------+------+--------------+------------+-----------------------------------------------------------------------------------+-----------------+--------------+
; Compilation Hierarchy Node                ; Combinational ALUTs ; Dedicated Logic Registers ; Memory Bits ; UFM Blocks ; DSP Elements ; DSP 9x9 ; DSP 18x18 ; Pins ; Virtual Pins ; ADC blocks ; Full Hierarchy Name                                                               ; Entity Name     ; Library Name ;
+-------------------------------------------+---------------------+---------------------------+-------------+------------+--------------+---------+-----------+------+--------------+------------+-----------------------------------------------------------------------------------+-----------------+--------------+
; |part2                                    ; 112 (0)             ; 82 (0)                    ; 416         ; 0          ; 0            ; 0       ; 0         ; 22   ; 0            ; 0          ; |part2                                                                            ; part2           ; work         ;
;    |count5:U3|                            ; 5 (5)               ; 5 (5)                     ; 0           ; 0          ; 0            ; 0       ; 0         ; 0    ; 0            ; 0          ; |part2|count5:U3                                                                  ; count5          ; work         ;
;    |inst_mem:U2|                          ; 0 (0)               ; 0 (0)                     ; 416         ; 0          ; 0            ; 0       ; 0         ; 0    ; 0            ; 0          ; |part2|inst_mem:U2                                                                ; inst_mem        ; work         ;
;       |altsyncram:altsyncram_component|   ; 0 (0)               ; 0 (0)                     ; 416         ; 0          ; 0            ; 0       ; 0         ; 0    ; 0            ; 0          ; |part2|inst_mem:U2|altsyncram:altsyncram_component                                ; altsyncram      ; work         ;
;          |altsyncram_obb1:auto_generated| ; 0 (0)               ; 0 (0)                     ; 416         ; 0          ; 0            ; 0       ; 0         ; 0    ; 0            ; 0          ; |part2|inst_mem:U2|altsyncram:altsyncram_component|altsyncram_obb1:auto_generated ; altsyncram_obb1 ; work         ;
;    |proc:U1|                              ; 101 (62)            ; 77 (4)                    ; 0           ; 0          ; 0            ; 0       ; 0         ; 0    ; 0            ; 0          ; |part2|proc:U1                                                                    ; proc            ; work         ;
;       |regn:reg_0|                        ; 8 (8)               ; 6 (6)                     ; 0           ; 0          ; 0            ; 0       ; 0         ; 0    ; 0            ; 0          ; |part2|proc:U1|regn:reg_0                                                         ; regn            ; work         ;
;       |regn:reg_1|                        ; 2 (2)               ; 6 (6)                     ; 0           ; 0          ; 0            ; 0       ; 0         ; 0    ; 0            ; 0          ; |part2|proc:U1|regn:reg_1                                                         ; regn            ; work         ;
;       |regn:reg_2|                        ; 1 (1)               ; 6 (6)                     ; 0           ; 0          ; 0            ; 0       ; 0         ; 0    ; 0            ; 0          ; |part2|proc:U1|regn:reg_2                                                         ; regn            ; work         ;
;       |regn:reg_3|                        ; 1 (1)               ; 6 (6)                     ; 0           ; 0          ; 0            ; 0       ; 0         ; 0    ; 0            ; 0          ; |part2|proc:U1|regn:reg_3                                                         ; regn            ; work         ;
;       |regn:reg_4|                        ; 1 (1)               ; 6 (6)                     ; 0           ; 0          ; 0            ; 0       ; 0         ; 0    ; 0            ; 0          ; |part2|proc:U1|regn:reg_4                                                         ; regn            ; work         ;
;       |regn:reg_5|                        ; 1 (1)               ; 6 (6)                     ; 0           ; 0          ; 0            ; 0       ; 0         ; 0    ; 0            ; 0          ; |part2|proc:U1|regn:reg_5                                                         ; regn            ; work         ;
;       |regn:reg_6|                        ; 1 (1)               ; 6 (6)                     ; 0           ; 0          ; 0            ; 0       ; 0         ; 0    ; 0            ; 0          ; |part2|proc:U1|regn:reg_6                                                         ; regn            ; work         ;
;       |regn:reg_7|                        ; 1 (1)               ; 6 (6)                     ; 0           ; 0          ; 0            ; 0       ; 0         ; 0    ; 0            ; 0          ; |part2|proc:U1|regn:reg_7                                                         ; regn            ; work         ;
;       |regn:reg_A|                        ; 1 (1)               ; 6 (6)                     ; 0           ; 0          ; 0            ; 0       ; 0         ; 0    ; 0            ; 0          ; |part2|proc:U1|regn:reg_A                                                         ; regn            ; work         ;
;       |regn:reg_G|                        ; 8 (8)               ; 6 (6)                     ; 0           ; 0          ; 0            ; 0       ; 0         ; 0    ; 0            ; 0          ; |part2|proc:U1|regn:reg_G                                                         ; regn            ; work         ;
;       |regn:reg_IR|                       ; 14 (14)             ; 13 (13)                   ; 0           ; 0          ; 0            ; 0       ; 0         ; 0    ; 0            ; 0          ; |part2|proc:U1|regn:reg_IR                                                        ; regn            ; work         ;
;    |switchReg:comb_7|                     ; 6 (6)               ; 0 (0)                     ; 0           ; 0          ; 0            ; 0       ; 0         ; 0    ; 0            ; 0          ; |part2|switchReg:comb_7                                                           ; switchReg       ; work         ;
+-------------------------------------------+---------------------+---------------------------+-------------+------------+--------------+---------+-----------+------+--------------+------------+-----------------------------------------------------------------------------------+-----------------+--------------+
Note: For table entries with two numbers listed, the numbers in parentheses indicate the number of resources of the given type used by the specific entity alone. The numbers listed outside of parentheses indicate the total resources of the given type used by the specific entity and all of its sub-entities in the hierarchy.


+---------------------------------------------------------------------------------------------------------------------------------------------------------------------------------------+
; Analysis & Synthesis RAM Summary                                                                                                                                                      ;
+---------------------------------------------------------------------------------------+------+------+--------------+--------------+--------------+--------------+------+--------------+
; Name                                                                                  ; Type ; Mode ; Port A Depth ; Port A Width ; Port B Depth ; Port B Width ; Size ; MIF          ;
+---------------------------------------------------------------------------------------+------+------+--------------+--------------+--------------+--------------+------+--------------+
; inst_mem:U2|altsyncram:altsyncram_component|altsyncram_obb1:auto_generated|ALTSYNCRAM ; M9K  ; ROM  ; 32           ; 16           ; --           ; --           ; 512  ; inst_mem.mif ;
+---------------------------------------------------------------------------------------+------+------+--------------+--------------+--------------+--------------+------+--------------+


Encoding Type:  One-Hot
+----------------------------------------------------------------+
; State Machine - |part2|proc:U1|Tstep_Q                         ;
+------------+------------+------------+------------+------------+
; Name       ; Tstep_Q.T3 ; Tstep_Q.T2 ; Tstep_Q.T1 ; Tstep_Q.T0 ;
+------------+------------+------------+------------+------------+
; Tstep_Q.T0 ; 0          ; 0          ; 0          ; 0          ;
; Tstep_Q.T1 ; 0          ; 0          ; 1          ; 1          ;
; Tstep_Q.T2 ; 0          ; 1          ; 0          ; 1          ;
; Tstep_Q.T3 ; 1          ; 0          ; 0          ; 1          ;
+------------+------------+------------+------------+------------+


+-------------------------------------------------------------+
; Registers Removed During Synthesis                          ;
+----------------------------------------+--------------------+
; Register name                          ; Reason for Removal ;
+----------------------------------------+--------------------+
; proc:U1|Tstep_Q~2                      ; Lost fanout        ;
; proc:U1|Tstep_Q~3                      ; Lost fanout        ;
; proc:U1|Tstep_Q~4                      ; Lost fanout        ;
; proc:U1|regn:reg_2|Q[6]                ; Lost fanout        ;
; proc:U1|regn:reg_3|Q[6]                ; Lost fanout        ;
; proc:U1|regn:reg_0|Q[6]                ; Lost fanout        ;
; proc:U1|regn:reg_1|Q[6]                ; Lost fanout        ;
; proc:U1|regn:reg_6|Q[6]                ; Lost fanout        ;
; proc:U1|regn:reg_7|Q[6]                ; Lost fanout        ;
; proc:U1|regn:reg_4|Q[6]                ; Lost fanout        ;
; proc:U1|regn:reg_5|Q[6]                ; Lost fanout        ;
; proc:U1|regn:reg_IR|Q[6]               ; Lost fanout        ;
; proc:U1|regn:reg_2|Q[7]                ; Lost fanout        ;
; proc:U1|regn:reg_3|Q[7]                ; Lost fanout        ;
; proc:U1|regn:reg_0|Q[7]                ; Lost fanout        ;
; proc:U1|regn:reg_1|Q[7]                ; Lost fanout        ;
; proc:U1|regn:reg_6|Q[7]                ; Lost fanout        ;
; proc:U1|regn:reg_7|Q[7]                ; Lost fanout        ;
; proc:U1|regn:reg_4|Q[7]                ; Lost fanout        ;
; proc:U1|regn:reg_5|Q[7]                ; Lost fanout        ;
; proc:U1|regn:reg_IR|Q[7]               ; Lost fanout        ;
; proc:U1|regn:reg_2|Q[8]                ; Lost fanout        ;
; proc:U1|regn:reg_3|Q[8]                ; Lost fanout        ;
; proc:U1|regn:reg_0|Q[8]                ; Lost fanout        ;
; proc:U1|regn:reg_1|Q[8]                ; Lost fanout        ;
; proc:U1|regn:reg_IR|Q[8]               ; Lost fanout        ;
; proc:U1|regn:reg_6|Q[8]                ; Lost fanout        ;
; proc:U1|regn:reg_7|Q[8]                ; Lost fanout        ;
; proc:U1|regn:reg_4|Q[8]                ; Lost fanout        ;
; proc:U1|regn:reg_5|Q[8]                ; Lost fanout        ;
; proc:U1|regn:reg_2|Q[9]                ; Lost fanout        ;
; proc:U1|regn:reg_3|Q[9]                ; Lost fanout        ;
; proc:U1|regn:reg_0|Q[9]                ; Lost fanout        ;
; proc:U1|regn:reg_1|Q[9]                ; Lost fanout        ;
; proc:U1|regn:reg_6|Q[9]                ; Lost fanout        ;
; proc:U1|regn:reg_7|Q[9]                ; Lost fanout        ;
; proc:U1|regn:reg_4|Q[9]                ; Lost fanout        ;
; proc:U1|regn:reg_5|Q[9]                ; Lost fanout        ;
; proc:U1|regn:reg_2|Q[10]               ; Lost fanout        ;
; proc:U1|regn:reg_3|Q[10]               ; Lost fanout        ;
; proc:U1|regn:reg_0|Q[10]               ; Lost fanout        ;
; proc:U1|regn:reg_1|Q[10]               ; Lost fanout        ;
; proc:U1|regn:reg_6|Q[10]               ; Lost fanout        ;
; proc:U1|regn:reg_7|Q[10]               ; Lost fanout        ;
; proc:U1|regn:reg_4|Q[10]               ; Lost fanout        ;
; proc:U1|regn:reg_5|Q[10]               ; Lost fanout        ;
; proc:U1|regn:reg_2|Q[11]               ; Lost fanout        ;
; proc:U1|regn:reg_3|Q[11]               ; Lost fanout        ;
; proc:U1|regn:reg_0|Q[11]               ; Lost fanout        ;
; proc:U1|regn:reg_1|Q[11]               ; Lost fanout        ;
; proc:U1|regn:reg_6|Q[11]               ; Lost fanout        ;
; proc:U1|regn:reg_7|Q[11]               ; Lost fanout        ;
; proc:U1|regn:reg_4|Q[11]               ; Lost fanout        ;
; proc:U1|regn:reg_5|Q[11]               ; Lost fanout        ;
; proc:U1|regn:reg_2|Q[12]               ; Lost fanout        ;
; proc:U1|regn:reg_3|Q[12]               ; Lost fanout        ;
; proc:U1|regn:reg_0|Q[12]               ; Lost fanout        ;
; proc:U1|regn:reg_1|Q[12]               ; Lost fanout        ;
; proc:U1|regn:reg_6|Q[12]               ; Lost fanout        ;
; proc:U1|regn:reg_7|Q[12]               ; Lost fanout        ;
; proc:U1|regn:reg_4|Q[12]               ; Lost fanout        ;
; proc:U1|regn:reg_5|Q[12]               ; Lost fanout        ;
; proc:U1|regn:reg_2|Q[13]               ; Lost fanout        ;
; proc:U1|regn:reg_3|Q[13]               ; Lost fanout        ;
; proc:U1|regn:reg_0|Q[13]               ; Lost fanout        ;
; proc:U1|regn:reg_1|Q[13]               ; Lost fanout        ;
; proc:U1|regn:reg_6|Q[13]               ; Lost fanout        ;
; proc:U1|regn:reg_7|Q[13]               ; Lost fanout        ;
; proc:U1|regn:reg_4|Q[13]               ; Lost fanout        ;
; proc:U1|regn:reg_5|Q[13]               ; Lost fanout        ;
; proc:U1|regn:reg_2|Q[14]               ; Lost fanout        ;
; proc:U1|regn:reg_3|Q[14]               ; Lost fanout        ;
; proc:U1|regn:reg_0|Q[14]               ; Lost fanout        ;
; proc:U1|regn:reg_1|Q[14]               ; Lost fanout        ;
; proc:U1|regn:reg_6|Q[14]               ; Lost fanout        ;
; proc:U1|regn:reg_7|Q[14]               ; Lost fanout        ;
; proc:U1|regn:reg_4|Q[14]               ; Lost fanout        ;
; proc:U1|regn:reg_5|Q[14]               ; Lost fanout        ;
; proc:U1|regn:reg_2|Q[15]               ; Lost fanout        ;
; proc:U1|regn:reg_3|Q[15]               ; Lost fanout        ;
; proc:U1|regn:reg_0|Q[15]               ; Lost fanout        ;
; proc:U1|regn:reg_1|Q[15]               ; Lost fanout        ;
; proc:U1|regn:reg_6|Q[15]               ; Lost fanout        ;
; proc:U1|regn:reg_7|Q[15]               ; Lost fanout        ;
; proc:U1|regn:reg_4|Q[15]               ; Lost fanout        ;
; proc:U1|regn:reg_5|Q[15]               ; Lost fanout        ;
; proc:U1|regn:reg_A|Q[6..15]            ; Lost fanout        ;
; Total Number of Removed Registers = 96 ;                    ;
+----------------------------------------+--------------------+


+------------------------------------------------------------------------------------------------------------------------------+
; Removed Registers Triggering Further Register Optimizations                                                                  ;
+--------------------------+--------------------+------------------------------------------------------------------------------+
; Register name            ; Reason for Removal ; Registers Removed due to This Register                                       ;
+--------------------------+--------------------+------------------------------------------------------------------------------+
; proc:U1|regn:reg_2|Q[8]  ; Lost Fanouts       ; proc:U1|regn:reg_IR|Q[8], proc:U1|regn:reg_7|Q[8], proc:U1|regn:reg_4|Q[8],  ;
;                          ;                    ; proc:U1|regn:reg_5|Q[8]                                                      ;
; proc:U1|regn:reg_2|Q[7]  ; Lost Fanouts       ; proc:U1|regn:reg_4|Q[7], proc:U1|regn:reg_5|Q[7], proc:U1|regn:reg_IR|Q[7]   ;
; proc:U1|regn:reg_2|Q[9]  ; Lost Fanouts       ; proc:U1|regn:reg_7|Q[9], proc:U1|regn:reg_4|Q[9], proc:U1|regn:reg_5|Q[9]    ;
; proc:U1|regn:reg_2|Q[10] ; Lost Fanouts       ; proc:U1|regn:reg_7|Q[10], proc:U1|regn:reg_4|Q[10], proc:U1|regn:reg_5|Q[10] ;
; proc:U1|regn:reg_2|Q[11] ; Lost Fanouts       ; proc:U1|regn:reg_7|Q[11], proc:U1|regn:reg_4|Q[11], proc:U1|regn:reg_5|Q[11] ;
; proc:U1|regn:reg_2|Q[12] ; Lost Fanouts       ; proc:U1|regn:reg_7|Q[12], proc:U1|regn:reg_4|Q[12], proc:U1|regn:reg_5|Q[12] ;
; proc:U1|regn:reg_2|Q[13] ; Lost Fanouts       ; proc:U1|regn:reg_7|Q[13], proc:U1|regn:reg_4|Q[13], proc:U1|regn:reg_5|Q[13] ;
; proc:U1|regn:reg_2|Q[14] ; Lost Fanouts       ; proc:U1|regn:reg_7|Q[14], proc:U1|regn:reg_4|Q[14], proc:U1|regn:reg_5|Q[14] ;
; proc:U1|regn:reg_2|Q[15] ; Lost Fanouts       ; proc:U1|regn:reg_7|Q[15], proc:U1|regn:reg_4|Q[15], proc:U1|regn:reg_5|Q[15] ;
; proc:U1|regn:reg_2|Q[6]  ; Lost Fanouts       ; proc:U1|regn:reg_IR|Q[6]                                                     ;
+--------------------------+--------------------+------------------------------------------------------------------------------+


+------------------------------------------------------+
; General Register Statistics                          ;
+----------------------------------------------+-------+
; Statistic                                    ; Value ;
+----------------------------------------------+-------+
; Total registers                              ; 82    ;
; Number of registers using Synchronous Clear  ; 6     ;
; Number of registers using Synchronous Load   ; 0     ;
; Number of registers using Asynchronous Clear ; 5     ;
; Number of registers using Asynchronous Load  ; 0     ;
; Number of registers using Clock Enable       ; 73    ;
; Number of registers using Preset             ; 0     ;
+----------------------------------------------+-------+


+------------------------------------------------------------------------------------------------------------------------------------------------+
; Multiplexer Restructuring Statistics (Restructuring Performed)                                                                                 ;
+--------------------+-----------+---------------+----------------------+------------------------+------------+----------------------------------+
; Multiplexer Inputs ; Bus Width ; Baseline Area ; Area if Restructured ; Saving if Restructured ; Registered ; Example Multiplexer Output       ;
+--------------------+-----------+---------------+----------------------+------------------------+------------+----------------------------------+
; 3:1                ; 16 bits   ; 32 LEs        ; 16 LEs               ; 16 LEs                 ; Yes        ; |part2|proc:U1|regn:reg_IR|Q[10] ;
; 3:1                ; 16 bits   ; 32 LEs        ; 16 LEs               ; 16 LEs                 ; Yes        ; |part2|proc:U1|regn:reg_0|Q[10]  ;
; 3:1                ; 16 bits   ; 32 LEs        ; 16 LEs               ; 16 LEs                 ; Yes        ; |part2|proc:U1|regn:reg_1|Q[8]   ;
; 3:1                ; 16 bits   ; 32 LEs        ; 16 LEs               ; 16 LEs                 ; Yes        ; |part2|proc:U1|regn:reg_2|Q[12]  ;
; 3:1                ; 16 bits   ; 32 LEs        ; 16 LEs               ; 16 LEs                 ; Yes        ; |part2|proc:U1|regn:reg_3|Q[11]  ;
; 3:1                ; 16 bits   ; 32 LEs        ; 16 LEs               ; 16 LEs                 ; Yes        ; |part2|proc:U1|regn:reg_4|Q[2]   ;
; 3:1                ; 16 bits   ; 32 LEs        ; 16 LEs               ; 16 LEs                 ; Yes        ; |part2|proc:U1|regn:reg_5|Q[4]   ;
; 3:1                ; 16 bits   ; 32 LEs        ; 16 LEs               ; 16 LEs                 ; Yes        ; |part2|proc:U1|regn:reg_6|Q[13]  ;
; 3:1                ; 16 bits   ; 32 LEs        ; 16 LEs               ; 16 LEs                 ; Yes        ; |part2|proc:U1|regn:reg_7|Q[15]  ;
; 3:1                ; 16 bits   ; 32 LEs        ; 16 LEs               ; 16 LEs                 ; Yes        ; |part2|proc:U1|regn:reg_G|Q[15]  ;
; 3:1                ; 16 bits   ; 32 LEs        ; 16 LEs               ; 16 LEs                 ; Yes        ; |part2|proc:U1|regn:reg_A|Q[4]   ;
; 11:1               ; 8 bits    ; 56 LEs        ; 56 LEs               ; 0 LEs                  ; No         ; |part2|proc:U1|Mux14             ;
; 11:1               ; 8 bits    ; 56 LEs        ; 56 LEs               ; 0 LEs                  ; No         ; |part2|proc:U1|Mux11             ;
; 6:1                ; 3 bits    ; 12 LEs        ; 9 LEs                ; 3 LEs                  ; No         ; |part2|proc:U1|Selector6         ;
+--------------------+-----------+---------------+----------------------+------------------------+------------+----------------------------------+


+---------------------------------------------------------------------------------------------------+
; Source assignments for inst_mem:U2|altsyncram:altsyncram_component|altsyncram_obb1:auto_generated ;
+---------------------------------+--------------------+------+-------------------------------------+
; Assignment                      ; Value              ; From ; To                                  ;
+---------------------------------+--------------------+------+-------------------------------------+
; OPTIMIZE_POWER_DURING_SYNTHESIS ; NORMAL_COMPILATION ; -    ; -                                   ;
+---------------------------------+--------------------+------+-------------------------------------+


+------------------------------------------------------+
; Parameter Settings for User Entity Instance: proc:U1 ;
+----------------+-------+-----------------------------+
; Parameter Name ; Value ; Type                        ;
+----------------+-------+-----------------------------+
; T0             ; 000   ; Unsigned Binary             ;
; T1             ; 001   ; Unsigned Binary             ;
; T2             ; 010   ; Unsigned Binary             ;
; T3             ; 011   ; Unsigned Binary             ;
; mv             ; 000   ; Unsigned Binary             ;
; mvt            ; 001   ; Unsigned Binary             ;
; add            ; 010   ; Unsigned Binary             ;
; sub            ; 011   ; Unsigned Binary             ;
; _R0            ; 0000  ; Unsigned Binary             ;
; _R1            ; 0001  ; Unsigned Binary             ;
; _R2            ; 0010  ; Unsigned Binary             ;
; _R3            ; 0011  ; Unsigned Binary             ;
; _R4            ; 0100  ; Unsigned Binary             ;
; _R5            ; 0101  ; Unsigned Binary             ;
; _R6            ; 0110  ; Unsigned Binary             ;
; _R7            ; 0111  ; Unsigned Binary             ;
; _G             ; 1000  ; Unsigned Binary             ;
; _IR8_IR8_0     ; 1001  ; Unsigned Binary             ;
; _IR7_0_0       ; 1010  ; Unsigned Binary             ;
+----------------+-------+-----------------------------+
Note: In order to hide this table in the UI and the text report file, please set the "Show Parameter Settings in Synthesis Report" option in "Analysis and Synthesis Settings -> More Settings" to "Off".


+-----------------------------------------------------------------+
; Parameter Settings for User Entity Instance: proc:U1|regn:reg_0 ;
+----------------+-------+----------------------------------------+
; Parameter Name ; Value ; Type                                   ;
+----------------+-------+----------------------------------------+
; n              ; 16    ; Signed Integer                         ;
+----------------+-------+----------------------------------------+
Note: In order to hide this table in the UI and the text report file, please set the "Show Parameter Settings in Synthesis Report" option in "Analysis and Synthesis Settings -> More Settings" to "Off".


+-----------------------------------------------------------------+
; Parameter Settings for User Entity Instance: proc:U1|regn:reg_1 ;
+----------------+-------+----------------------------------------+
; Parameter Name ; Value ; Type                                   ;
+----------------+-------+----------------------------------------+
; n              ; 16    ; Signed Integer                         ;
+----------------+-------+----------------------------------------+
Note: In order to hide this table in the UI and the text report file, please set the "Show Parameter Settings in Synthesis Report" option in "Analysis and Synthesis Settings -> More Settings" to "Off".


+-----------------------------------------------------------------+
; Parameter Settings for User Entity Instance: proc:U1|regn:reg_2 ;
+----------------+-------+----------------------------------------+
; Parameter Name ; Value ; Type                                   ;
+----------------+-------+----------------------------------------+
; n              ; 16    ; Signed Integer                         ;
+----------------+-------+----------------------------------------+
Note: In order to hide this table in the UI and the text report file, please set the "Show Parameter Settings in Synthesis Report" option in "Analysis and Synthesis Settings -> More Settings" to "Off".


+-----------------------------------------------------------------+
; Parameter Settings for User Entity Instance: proc:U1|regn:reg_3 ;
+----------------+-------+----------------------------------------+
; Parameter Name ; Value ; Type                                   ;
+----------------+-------+----------------------------------------+
; n              ; 16    ; Signed Integer                         ;
+----------------+-------+----------------------------------------+
Note: In order to hide this table in the UI and the text report file, please set the "Show Parameter Settings in Synthesis Report" option in "Analysis and Synthesis Settings -> More Settings" to "Off".


+-----------------------------------------------------------------+
; Parameter Settings for User Entity Instance: proc:U1|regn:reg_4 ;
+----------------+-------+----------------------------------------+
; Parameter Name ; Value ; Type                                   ;
+----------------+-------+----------------------------------------+
; n              ; 16    ; Signed Integer                         ;
+----------------+-------+----------------------------------------+
Note: In order to hide this table in the UI and the text report file, please set the "Show Parameter Settings in Synthesis Report" option in "Analysis and Synthesis Settings -> More Settings" to "Off".


+-----------------------------------------------------------------+
; Parameter Settings for User Entity Instance: proc:U1|regn:reg_5 ;
+----------------+-------+----------------------------------------+
; Parameter Name ; Value ; Type                                   ;
+----------------+-------+----------------------------------------+
; n              ; 16    ; Signed Integer                         ;
+----------------+-------+----------------------------------------+
Note: In order to hide this table in the UI and the text report file, please set the "Show Parameter Settings in Synthesis Report" option in "Analysis and Synthesis Settings -> More Settings" to "Off".


+-----------------------------------------------------------------+
; Parameter Settings for User Entity Instance: proc:U1|regn:reg_6 ;
+----------------+-------+----------------------------------------+
; Parameter Name ; Value ; Type                                   ;
+----------------+-------+----------------------------------------+
; n              ; 16    ; Signed Integer                         ;
+----------------+-------+----------------------------------------+
Note: In order to hide this table in the UI and the text report file, please set the "Show Parameter Settings in Synthesis Report" option in "Analysis and Synthesis Settings -> More Settings" to "Off".


+-----------------------------------------------------------------+
; Parameter Settings for User Entity Instance: proc:U1|regn:reg_7 ;
+----------------+-------+----------------------------------------+
; Parameter Name ; Value ; Type                                   ;
+----------------+-------+----------------------------------------+
; n              ; 16    ; Signed Integer                         ;
+----------------+-------+----------------------------------------+
Note: In order to hide this table in the UI and the text report file, please set the "Show Parameter Settings in Synthesis Report" option in "Analysis and Synthesis Settings -> More Settings" to "Off".


+-----------------------------------------------------------------+
; Parameter Settings for User Entity Instance: proc:U1|regn:reg_A ;
+----------------+-------+----------------------------------------+
; Parameter Name ; Value ; Type                                   ;
+----------------+-------+----------------------------------------+
; n              ; 16    ; Signed Integer                         ;
+----------------+-------+----------------------------------------+
Note: In order to hide this table in the UI and the text report file, please set the "Show Parameter Settings in Synthesis Report" option in "Analysis and Synthesis Settings -> More Settings" to "Off".


+------------------------------------------------------------------+
; Parameter Settings for User Entity Instance: proc:U1|regn:reg_IR ;
+----------------+-------+-----------------------------------------+
; Parameter Name ; Value ; Type                                    ;
+----------------+-------+-----------------------------------------+
; n              ; 16    ; Signed Integer                          ;
+----------------+-------+-----------------------------------------+
Note: In order to hide this table in the UI and the text report file, please set the "Show Parameter Settings in Synthesis Report" option in "Analysis and Synthesis Settings -> More Settings" to "Off".


+-----------------------------------------------------------------+
; Parameter Settings for User Entity Instance: proc:U1|regn:reg_G ;
+----------------+-------+----------------------------------------+
; Parameter Name ; Value ; Type                                   ;
+----------------+-------+----------------------------------------+
; n              ; 16    ; Signed Integer                         ;
+----------------+-------+----------------------------------------+
Note: In order to hide this table in the UI and the text report file, please set the "Show Parameter Settings in Synthesis Report" option in "Analysis and Synthesis Settings -> More Settings" to "Off".


+------------------------------------------------------------------------------------------+
; Parameter Settings for User Entity Instance: inst_mem:U2|altsyncram:altsyncram_component ;
+------------------------------------+----------------------+------------------------------+
; Parameter Name                     ; Value                ; Type                         ;
+------------------------------------+----------------------+------------------------------+
; BYTE_SIZE_BLOCK                    ; 8                    ; Untyped                      ;
; AUTO_CARRY_CHAINS                  ; ON                   ; AUTO_CARRY                   ;
; IGNORE_CARRY_BUFFERS               ; OFF                  ; IGNORE_CARRY                 ;
; AUTO_CASCADE_CHAINS                ; ON                   ; AUTO_CASCADE                 ;
; IGNORE_CASCADE_BUFFERS             ; OFF                  ; IGNORE_CASCADE               ;
; WIDTH_BYTEENA                      ; 1                    ; Untyped                      ;
; OPERATION_MODE                     ; ROM                  ; Untyped                      ;
; WIDTH_A                            ; 16                   ; Signed Integer               ;
; WIDTHAD_A                          ; 5                    ; Signed Integer               ;
; NUMWORDS_A                         ; 32                   ; Signed Integer               ;
; OUTDATA_REG_A                      ; UNREGISTERED         ; Untyped                      ;
; ADDRESS_ACLR_A                     ; NONE                 ; Untyped                      ;
; OUTDATA_ACLR_A                     ; NONE                 ; Untyped                      ;
; WRCONTROL_ACLR_A                   ; NONE                 ; Untyped                      ;
; INDATA_ACLR_A                      ; NONE                 ; Untyped                      ;
; BYTEENA_ACLR_A                     ; NONE                 ; Untyped                      ;
; WIDTH_B                            ; 1                    ; Untyped                      ;
; WIDTHAD_B                          ; 1                    ; Untyped                      ;
; NUMWORDS_B                         ; 1                    ; Untyped                      ;
; INDATA_REG_B                       ; CLOCK1               ; Untyped                      ;
; WRCONTROL_WRADDRESS_REG_B          ; CLOCK1               ; Untyped                      ;
; RDCONTROL_REG_B                    ; CLOCK1               ; Untyped                      ;
; ADDRESS_REG_B                      ; CLOCK1               ; Untyped                      ;
; OUTDATA_REG_B                      ; UNREGISTERED         ; Untyped                      ;
; BYTEENA_REG_B                      ; CLOCK1               ; Untyped                      ;
; INDATA_ACLR_B                      ; NONE                 ; Untyped                      ;
; WRCONTROL_ACLR_B                   ; NONE                 ; Untyped                      ;
; ADDRESS_ACLR_B                     ; NONE                 ; Untyped                      ;
; OUTDATA_ACLR_B                     ; NONE                 ; Untyped                      ;
; RDCONTROL_ACLR_B                   ; NONE                 ; Untyped                      ;
; BYTEENA_ACLR_B                     ; NONE                 ; Untyped                      ;
; WIDTH_BYTEENA_A                    ; 1                    ; Signed Integer               ;
; WIDTH_BYTEENA_B                    ; 1                    ; Untyped                      ;
; RAM_BLOCK_TYPE                     ; M9K                  ; Untyped                      ;
; BYTE_SIZE                          ; 8                    ; Untyped                      ;
; READ_DURING_WRITE_MODE_MIXED_PORTS ; DONT_CARE            ; Untyped                      ;
; READ_DURING_WRITE_MODE_PORT_A      ; NEW_DATA_NO_NBE_READ ; Untyped                      ;
; READ_DURING_WRITE_MODE_PORT_B      ; NEW_DATA_NO_NBE_READ ; Untyped                      ;
; INIT_FILE                          ; inst_mem.mif         ; Untyped                      ;
; INIT_FILE_LAYOUT                   ; PORT_A               ; Untyped                      ;
; MAXIMUM_DEPTH                      ; 0                    ; Untyped                      ;
; CLOCK_ENABLE_INPUT_A               ; BYPASS               ; Untyped                      ;
; CLOCK_ENABLE_INPUT_B               ; NORMAL               ; Untyped                      ;
; CLOCK_ENABLE_OUTPUT_A              ; BYPASS               ; Untyped                      ;
; CLOCK_ENABLE_OUTPUT_B              ; NORMAL               ; Untyped                      ;
; CLOCK_ENABLE_CORE_A                ; USE_INPUT_CLKEN      ; Untyped                      ;
; CLOCK_ENABLE_CORE_B                ; USE_INPUT_CLKEN      ; Untyped                      ;
; ENABLE_ECC                         ; FALSE                ; Untyped                      ;
; ECC_PIPELINE_STAGE_ENABLED         ; FALSE                ; Untyped                      ;
; WIDTH_ECCSTATUS                    ; 3                    ; Untyped                      ;
; DEVICE_FAMILY                      ; MAX 10               ; Untyped                      ;
; CBXI_PARAMETER                     ; altsyncram_obb1      ; Untyped                      ;
+------------------------------------+----------------------+------------------------------+
Note: In order to hide this table in the UI and the text report file, please set the "Show Parameter Settings in Synthesis Report" option in "Analysis and Synthesis Settings -> More Settings" to "Off".


+-----------------------------------------------------------------------------------------+
; altsyncram Parameter Settings by Entity Instance                                        ;
+-------------------------------------------+---------------------------------------------+
; Name                                      ; Value                                       ;
+-------------------------------------------+---------------------------------------------+
; Number of entity instances                ; 1                                           ;
; Entity Instance                           ; inst_mem:U2|altsyncram:altsyncram_component ;
;     -- OPERATION_MODE                     ; ROM                                         ;
;     -- WIDTH_A                            ; 16                                          ;
;     -- NUMWORDS_A                         ; 32                                          ;
;     -- OUTDATA_REG_A                      ; UNREGISTERED                                ;
;     -- WIDTH_B                            ; 1                                           ;
;     -- NUMWORDS_B                         ; 1                                           ;
;     -- ADDRESS_REG_B                      ; CLOCK1                                      ;
;     -- OUTDATA_REG_B                      ; UNREGISTERED                                ;
;     -- RAM_BLOCK_TYPE                     ; M9K                                         ;
;     -- READ_DURING_WRITE_MODE_MIXED_PORTS ; DONT_CARE                                   ;
+-------------------------------------------+---------------------------------------------+


+--------------------------------------------------------------------------------------------------------------------+
; Port Connectivity Checks: "switchReg:comb_7"                                                                       ;
+----------+--------+----------+-------------------------------------------------------------------------------------+
; Port     ; Type   ; Severity ; Details                                                                             ;
+----------+--------+----------+-------------------------------------------------------------------------------------+
; o[15..6] ; Output ; Info     ; Connected to dangling logic. Logic that only feeds a dangling port will be removed. ;
+----------+--------+----------+-------------------------------------------------------------------------------------+


+-----------------------------------------------------+
; Post-Synthesis Netlist Statistics for Top Partition ;
+-----------------------+-----------------------------+
; Type                  ; Count                       ;
+-----------------------+-----------------------------+
; boundary_port         ; 22                          ;
; cycloneiii_ff         ; 82                          ;
;     CLR               ; 5                           ;
;     ENA               ; 67                          ;
;     ENA SCLR          ; 6                           ;
;     plain             ; 4                           ;
; cycloneiii_lcell_comb ; 114                         ;
;     arith             ; 9                           ;
;         2 data inputs ; 2                           ;
;         3 data inputs ; 7                           ;
;     normal            ; 105                         ;
;         0 data inputs ; 1                           ;
;         1 data inputs ; 3                           ;
;         2 data inputs ; 19                          ;
;         3 data inputs ; 13                          ;
;         4 data inputs ; 69                          ;
; cycloneiii_ram_block  ; 13                          ;
;                       ;                             ;
; Max LUT depth         ; 8.50                        ;
; Average LUT depth     ; 4.81                        ;
+-----------------------+-----------------------------+


+-------------------------------+
; Elapsed Time Per Partition    ;
+----------------+--------------+
; Partition Name ; Elapsed Time ;
+----------------+--------------+
; Top            ; 00:00:03     ;
+----------------+--------------+


+-------------------------------+
; Analysis & Synthesis Messages ;
+-------------------------------+
Info: *******************************************************************
Info: Running Quartus Prime Analysis & Synthesis
    Info: Version 22.1std.0 Build 915 10/25/2022 SC Lite Edition
    Info: Processing started: Thu May  4 03:31:24 2023
Info: Command: quartus_map --read_settings_files=on --write_settings_files=off part2 -c part2
Warning (18236): Number of processors has not been specified which may cause overloading on shared machines.  Set the global assignment NUM_PARALLEL_PROCESSORS in your QSF to an appropriate value for best performance.
Info (20030): Parallel compilation is enabled and will use 2 of the 2 processors detected
Info (12021): Found 3 design units, including 3 entities, in source file part2.v
    Info (12023): Found entity 1: part2 File: C:/Users/user/Desktop/maryam/part2/part2.v Line: 5
    Info (12023): Found entity 2: switchReg File: C:/Users/user/Desktop/maryam/part2/part2.v Line: 38
    Info (12023): Found entity 3: count5 File: C:/Users/user/Desktop/maryam/part2/part2.v Line: 57
Critical Warning (10846): Verilog HDL Instantiation warning at part2.v(26): instance has no name File: C:/Users/user/Desktop/maryam/part2/part2.v Line: 26
Info (12127): Elaborating entity "part2" for the top level hierarchy
Warning (10034): Output port "LEDR[1..0]" at part2.v(8) has no driver File: C:/Users/user/Desktop/maryam/part2/part2.v Line: 8
Warning (12125): Using design file proc.v, which is not specified as a design file for the current project, but contains definitions for 3 design units and 3 entities in project
    Info (12023): Found entity 1: proc File: C:/Users/user/Desktop/maryam/part2/proc.v Line: 3
    Info (12023): Found entity 2: dec3to8 File: C:/Users/user/Desktop/maryam/part2/proc.v Line: 175
    Info (12023): Found entity 3: regn File: C:/Users/user/Desktop/maryam/part2/proc.v Line: 197
Info (12128): Elaborating entity "proc" for hierarchy "proc:U1" File: C:/Users/user/Desktop/maryam/part2/part2.v Line: 24
Info (12128): Elaborating entity "dec3to8" for hierarchy "proc:U1|dec3to8:decX" File: C:/Users/user/Desktop/maryam/part2/proc.v Line: 28
Info (12128): Elaborating entity "regn" for hierarchy "proc:U1|regn:reg_0" File: C:/Users/user/Desktop/maryam/part2/proc.v Line: 136
Info (12128): Elaborating entity "switchReg" for hierarchy "switchReg:comb_7" File: C:/Users/user/Desktop/maryam/part2/part2.v Line: 26
Warning (12125): Using design file inst_mem.v, which is not specified as a design file for the current project, but contains definitions for 1 design units and 1 entities in project
    Info (12023): Found entity 1: inst_mem File: C:/Users/user/Desktop/maryam/part2/inst_mem.v Line: 40
Info (12128): Elaborating entity "inst_mem" for hierarchy "inst_mem:U2" File: C:/Users/user/Desktop/maryam/part2/part2.v Line: 34
Info (12128): Elaborating entity "altsyncram" for hierarchy "inst_mem:U2|altsyncram:altsyncram_component" File: C:/Users/user/Desktop/maryam/part2/inst_mem.v Line: 82
Info (12130): Elaborated megafunction instantiation "inst_mem:U2|altsyncram:altsyncram_component" File: C:/Users/user/Desktop/maryam/part2/inst_mem.v Line: 82
Info (12133): Instantiated megafunction "inst_mem:U2|altsyncram:altsyncram_component" with the following parameter: File: C:/Users/user/Desktop/maryam/part2/inst_mem.v Line: 82
    Info (12134): Parameter "address_aclr_a" = "NONE"
    Info (12134): Parameter "clock_enable_input_a" = "BYPASS"
    Info (12134): Parameter "clock_enable_output_a" = "BYPASS"
    Info (12134): Parameter "init_file" = "inst_mem.mif"
    Info (12134): Parameter "intended_device_family" = "MAX 10"
    Info (12134): Parameter "lpm_hint" = "ENABLE_RUNTIME_MOD=NO"
    Info (12134): Parameter "lpm_type" = "altsyncram"
    Info (12134): Parameter "numwords_a" = "32"
    Info (12134): Parameter "operation_mode" = "ROM"
    Info (12134): Parameter "outdata_aclr_a" = "NONE"
    Info (12134): Parameter "outdata_reg_a" = "UNREGISTERED"
    Info (12134): Parameter "ram_block_type" = "M9K"
    Info (12134): Parameter "widthad_a" = "5"
    Info (12134): Parameter "width_a" = "16"
    Info (12134): Parameter "width_byteena_a" = "1"
Info (12021): Found 1 design units, including 1 entities, in source file db/altsyncram_obb1.tdf
    Info (12023): Found entity 1: altsyncram_obb1 File: C:/Users/user/Desktop/maryam/part2/db/altsyncram_obb1.tdf Line: 28
Info (12128): Elaborating entity "altsyncram_obb1" for hierarchy "inst_mem:U2|altsyncram:altsyncram_component|altsyncram_obb1:auto_generated" File: c:/intelfpga_lite/22.1std/quartus/libraries/megafunctions/altsyncram.tdf Line: 792
Info (12128): Elaborating entity "count5" for hierarchy "count5:U3" File: C:/Users/user/Desktop/maryam/part2/part2.v Line: 35
Warning (14284): Synthesized away the following node(s):
    Warning (14285): Synthesized away the following RAM node(s):
        Warning (14320): Synthesized away node "inst_mem:U2|altsyncram:altsyncram_component|altsyncram_obb1:auto_generated|q_a[6]" File: C:/Users/user/Desktop/maryam/part2/db/altsyncram_obb1.tdf Line: 161
        Warning (14320): Synthesized away node "inst_mem:U2|altsyncram:altsyncram_component|altsyncram_obb1:auto_generated|q_a[7]" File: C:/Users/user/Desktop/maryam/part2/db/altsyncram_obb1.tdf Line: 182
        Warning (14320): Synthesized away node "inst_mem:U2|altsyncram:altsyncram_component|altsyncram_obb1:auto_generated|q_a[8]" File: C:/Users/user/Desktop/maryam/part2/db/altsyncram_obb1.tdf Line: 203
Warning (13024): Output pins are stuck at VCC or GND
    Warning (13410): Pin "LEDR[0]" is stuck at GND File: C:/Users/user/Desktop/maryam/part2/part2.v Line: 8
    Warning (13410): Pin "LEDR[1]" is stuck at GND File: C:/Users/user/Desktop/maryam/part2/part2.v Line: 8
Info (286030): Timing-Driven Synthesis is running
Info (17049): 96 registers lost all their fanouts during netlist optimizations.
Info (16010): Generating hard_block partition "hard_block:auto_generated_inst"
    Info (16011): Adding 0 node(s), including 0 DDIO, 0 PLL, 0 transceiver and 0 LCELL
Warning (21074): Design contains 7 input pin(s) that do not drive logic
    Warning (15610): No output dependent on input pin "SW[2]" File: C:/Users/user/Desktop/maryam/part2/part2.v Line: 7
    Warning (15610): No output dependent on input pin "SW[3]" File: C:/Users/user/Desktop/maryam/part2/part2.v Line: 7
    Warning (15610): No output dependent on input pin "SW[4]" File: C:/Users/user/Desktop/maryam/part2/part2.v Line: 7
    Warning (15610): No output dependent on input pin "SW[5]" File: C:/Users/user/Desktop/maryam/part2/part2.v Line: 7
    Warning (15610): No output dependent on input pin "SW[6]" File: C:/Users/user/Desktop/maryam/part2/part2.v Line: 7
    Warning (15610): No output dependent on input pin "SW[7]" File: C:/Users/user/Desktop/maryam/part2/part2.v Line: 7
    Warning (15610): No output dependent on input pin "SW[8]" File: C:/Users/user/Desktop/maryam/part2/part2.v Line: 7
Info (21057): Implemented 201 device resources after synthesis - the final resource count might be different
    Info (21058): Implemented 12 input pins
    Info (21059): Implemented 10 output pins
    Info (21061): Implemented 166 logic cells
    Info (21064): Implemented 13 RAM segments
Info: Quartus Prime Analysis & Synthesis was successful. 0 errors, 21 warnings
    Info: Peak virtual memory: 4774 megabytes
    Info: Processing ended: Thu May  4 03:31:59 2023
    Info: Elapsed time: 00:00:35
    Info: Total CPU time (on all processors): 00:00:38


